#
# There is insufficient memory for the Java Runtime Environment to continue.
# Cannot create GC thread. Out of system resources.
# Possible reasons:
#   The system is out of physical RAM or swap space
#   The process is running with CompressedOops enabled, and the Java Heap may be blocking the growth of the native heap
# Possible solutions:
#   Reduce memory load on the system
#   Increase physical memory or swap space
#   Check if swap backing store is full
#   Decrease Java heap size (-Xmx/-Xms)
#   Decrease number of Java threads
#   Decrease Java thread stack sizes (-Xss)
#   Set larger code cache with -XX:ReservedCodeCacheSize=
# This output file may be truncated or incomplete.
#
#  Out of Memory Error (gcTaskThread.cpp:48), pid=17522, tid=0x00007fac4f1d53c0
#
# JRE version:  (8.0_212-b01) (build )
# Java VM: OpenJDK 64-Bit Server VM (25.212-b01 mixed mode linux-amd64 compressed oops)
# Core dump written. Default location: /home/cesar/eclipse-workspace/Velocimetro/core or core.17522
#

---------------  T H R E A D  ---------------

Current thread (0x0000556b66759800):  JavaThread "Unknown thread" [_thread_in_vm, id=17522, stack(0x00007ffca5e11000,0x00007ffca5f11000)]

Stack: [0x00007ffca5e11000,0x00007ffca5f11000],  sp=0x00007ffca5f0a910,  free space=998k
Native frames: (J=compiled Java code, j=interpreted, Vv=VM code, C=native code)
V  [libjvm.so+0xa3210c]
V  [libjvm.so+0x4ba3ca]
V  [libjvm.so+0x594100]
V  [libjvm.so+0x593637]
V  [libjvm.so+0x8b5fbc]
V  [libjvm.so+0x9f822a]
V  [libjvm.so+0x9f84f7]
V  [libjvm.so+0x5f92b9]
V  [libjvm.so+0x9dc0ec]
V  [libjvm.so+0x664f51]  JNI_CreateJavaVM+0x61
C  [libjli.so+0x29b1]
C  [libjli.so+0x836d]
C  [libjli.so+0x4562]
C  [libjli.so+0x4cb3]  JLI_Launch+0x603
C  [java+0x1062]
C  [libc.so.6+0x23ce3]  __libc_start_main+0xf3


---------------  P R O C E S S  ---------------

Java Threads: ( => current thread )

Other Threads:

=>0x0000556b66759800 (exited) JavaThread "Unknown thread" [_thread_in_vm, id=17522, stack(0x00007ffca5e11000,0x00007ffca5f11000)]

VM state:not at safepoint (not fully initialized)

VM Mutex/Monitor currently owned by a thread: None

heap address: 0x0000000084e00000, size: 1970 MB, Compressed Oops mode: Non-zero based:0x0000000084dff000
Narrow klass base: 0x0000000000000000, Narrow klass shift: 0

GC Heap History (0 events):
No events

Deoptimization events (0 events):
No events

Classes redefined (0 events):
No events

Internal exceptions (0 events):
No events

Events (0 events):
No events


Dynamic libraries:
84e00000-8a100000 rw-p 00000000 00:00 0 
8a100000-d6f80000 ---p 00000000 00:00 0 
d6f80000-d9880000 rw-p 00000000 00:00 0 
d9880000-100000000 ---p 00000000 00:00 0 
556b6664a000-556b6664b000 r--p 00000000 08:02 16257750                   /usr/lib/jvm/java-8-openjdk/jre/bin/java
556b6664b000-556b6664c000 r-xp 00001000 08:02 16257750                   /usr/lib/jvm/java-8-openjdk/jre/bin/java
556b6664c000-556b6664d000 r--p 00002000 08:02 16257750                   /usr/lib/jvm/java-8-openjdk/jre/bin/java
556b6664d000-556b6664e000 r--p 00002000 08:02 16257750                   /usr/lib/jvm/java-8-openjdk/jre/bin/java
556b6664e000-556b6664f000 rw-p 00003000 08:02 16257750                   /usr/lib/jvm/java-8-openjdk/jre/bin/java
556b6673c000-556b6677a000 rw-p 00000000 00:00 0                          [heap]
7fac3e809000-7fac3e833000 rw-p 00000000 00:00 0 
7fac3e833000-7fac3ea9a000 ---p 00000000 00:00 0 
7fac3ea9a000-7fac3eac4000 rw-p 00000000 00:00 0 
7fac3eac4000-7fac3ed2a000 ---p 00000000 00:00 0 
7fac3ed2a000-7fac3ed40000 rw-p 00000000 00:00 0 
7fac3ed40000-7fac3ee73000 ---p 00000000 00:00 0 
7fac3ee73000-7fac3ee7e000 rw-p 00000000 00:00 0 
7fac3ee7e000-7fac3f234000 ---p 00000000 00:00 0 
7fac3f234000-7fac3f4a4000 rwxp 00000000 00:00 0 
7fac3f4a4000-7fac4e234000 ---p 00000000 00:00 0 
7fac4e234000-7fac4e237000 r--p 00000000 08:02 14164094                   /usr/lib/libnss_files-2.29.so
7fac4e237000-7fac4e23e000 r-xp 00003000 08:02 14164094                   /usr/lib/libnss_files-2.29.so
7fac4e23e000-7fac4e241000 r--p 0000a000 08:02 14164094                   /usr/lib/libnss_files-2.29.so
7fac4e241000-7fac4e242000 r--p 0000c000 08:02 14164094                   /usr/lib/libnss_files-2.29.so
7fac4e242000-7fac4e243000 rw-p 0000d000 08:02 14164094                   /usr/lib/libnss_files-2.29.so
7fac4e243000-7fac4e249000 rw-p 00000000 00:00 0 
7fac4e27e000-7fac4e281000 r--p 00000000 08:02 16257792                   /usr/lib/jvm/java-8-openjdk/jre/lib/amd64/libzip.so
7fac4e281000-7fac4e285000 r-xp 00003000 08:02 16257792                   /usr/lib/jvm/java-8-openjdk/jre/lib/amd64/libzip.so
7fac4e285000-7fac4e287000 r--p 00007000 08:02 16257792                   /usr/lib/jvm/java-8-openjdk/jre/lib/amd64/libzip.so
7fac4e287000-7fac4e288000 r--p 00008000 08:02 16257792                   /usr/lib/jvm/java-8-openjdk/jre/lib/amd64/libzip.so
7fac4e288000-7fac4e289000 rw-p 00009000 08:02 16257792                   /usr/lib/jvm/java-8-openjdk/jre/lib/amd64/libzip.so
7fac4e289000-7fac4e291000 rw-s 00000000 00:2d 121814066                  /tmp/hsperfdata_cesar/17522
7fac4e291000-7fac4e293000 r--p 00000000 08:02 14164111                   /usr/lib/librt-2.29.so
7fac4e293000-7fac4e297000 r-xp 00002000 08:02 14164111                   /usr/lib/librt-2.29.so
7fac4e297000-7fac4e299000 r--p 00006000 08:02 14164111                   /usr/lib/librt-2.29.so
7fac4e299000-7fac4e29a000 r--p 00007000 08:02 14164111                   /usr/lib/librt-2.29.so
7fac4e29a000-7fac4e29b000 rw-p 00008000 08:02 14164111                   /usr/lib/librt-2.29.so
7fac4e29b000-7fac4e29c000 ---p 00000000 00:00 0 
7fac4e29c000-7fac4e39c000 rw-p 00000000 00:00 0 
7fac4e39c000-7fac4e3a9000 r--p 00000000 08:02 14164066                   /usr/lib/libm-2.29.so
7fac4e3a9000-7fac4e445000 r-xp 0000d000 08:02 14164066                   /usr/lib/libm-2.29.so
7fac4e445000-7fac4e4e0000 r--p 000a9000 08:02 14164066                   /usr/lib/libm-2.29.so
7fac4e4e0000-7fac4e4e1000 r--p 00143000 08:02 14164066                   /usr/lib/libm-2.29.so
7fac4e4e1000-7fac4e4e2000 rw-p 00144000 08:02 14164066                   /usr/lib/libm-2.29.so
7fac4e4e2000-7fac4e6d3000 r--p 00000000 08:02 16257795                   /usr/lib/jvm/java-8-openjdk/jre/lib/amd64/server/libjvm.so
7fac4e6d3000-7fac4ef46000 r-xp 001f1000 08:02 16257795                   /usr/lib/jvm/java-8-openjdk/jre/lib/amd64/server/libjvm.so
7fac4ef46000-7fac4f0e6000 r--p 00a64000 08:02 16257795                   /usr/lib/jvm/java-8-openjdk/jre/lib/amd64/server/libjvm.so
7fac4f0e6000-7fac4f0e7000 ---p 00c04000 08:02 16257795                   /usr/lib/jvm/java-8-openjdk/jre/lib/amd64/server/libjvm.so
7fac4f0e7000-7fac4f17c000 r--p 00c04000 08:02 16257795                   /usr/lib/jvm/java-8-openjdk/jre/lib/amd64/server/libjvm.so
7fac4f17c000-7fac4f1a4000 rw-p 00c99000 08:02 16257795                   /usr/lib/jvm/java-8-openjdk/jre/lib/amd64/server/libjvm.so
7fac4f1a4000-7fac4f1d6000 rw-p 00000000 00:00 0 
7fac4f1d6000-7fac4f1dc000 r--p 00000000 08:02 14164102                   /usr/lib/libpthread-2.29.so
7fac4f1dc000-7fac4f1eb000 r-xp 00006000 08:02 14164102                   /usr/lib/libpthread-2.29.so
7fac4f1eb000-7fac4f1f1000 r--p 00015000 08:02 14164102                   /usr/lib/libpthread-2.29.so
7fac4f1f1000-7fac4f1f2000 r--p 0001a000 08:02 14164102                   /usr/lib/libpthread-2.29.so
7fac4f1f2000-7fac4f1f3000 rw-p 0001b000 08:02 14164102                   /usr/lib/libpthread-2.29.so
7fac4f1f3000-7fac4f1f7000 rw-p 00000000 00:00 0 
7fac4f1f7000-7fac4f1f8000 r--p 00000000 08:02 14164058                   /usr/lib/libdl-2.29.so
7fac4f1f8000-7fac4f1f9000 r-xp 00001000 08:02 14164058                   /usr/lib/libdl-2.29.so
7fac4f1f9000-7fac4f1fa000 r--p 00002000 08:02 14164058                   /usr/lib/libdl-2.29.so
7fac4f1fa000-7fac4f1fb000 r--p 00002000 08:02 14164058                   /usr/lib/libdl-2.29.so
7fac4f1fb000-7fac4f1fc000 rw-p 00003000 08:02 14164058                   /usr/lib/libdl-2.29.so
7fac4f1fc000-7fac4f212000 r-xp 00000000 08:02 14164349                   /usr/lib/libz.so.1.2.11
7fac4f212000-7fac4f411000 ---p 00016000 08:02 14164349                   /usr/lib/libz.so.1.2.11
7fac4f411000-7fac4f412000 r--p 00015000 08:02 14164349                   /usr/lib/libz.so.1.2.11
7fac4f412000-7fac4f413000 rw-p 00016000 08:02 14164349                   /usr/lib/libz.so.1.2.11
7fac4f413000-7fac4f435000 r--p 00000000 08:02 14164048                   /usr/lib/libc-2.29.so
7fac4f435000-7fac4f581000 r-xp 00022000 08:02 14164048                   /usr/lib/libc-2.29.so
7fac4f581000-7fac4f5cd000 r--p 0016e000 08:02 14164048                   /usr/lib/libc-2.29.so
7fac4f5cd000-7fac4f5ce000 ---p 001ba000 08:02 14164048                   /usr/lib/libc-2.29.so
7fac4f5ce000-7fac4f5d2000 r--p 001ba000 08:02 14164048                   /usr/lib/libc-2.29.so
7fac4f5d2000-7fac4f5d4000 rw-p 001be000 08:02 14164048                   /usr/lib/libc-2.29.so
7fac4f5d4000-7fac4f5d8000 rw-p 00000000 00:00 0 
7fac4f5de000-7fac4f5df000 rw-p 00000000 00:00 0 
7fac4f5df000-7fac4f5ec000 r--p 00000000 08:02 16257774                   /usr/lib/jvm/java-8-openjdk/jre/lib/amd64/libjava.so
7fac4f5ec000-7fac4f604000 r-xp 0000d000 08:02 16257774                   /usr/lib/jvm/java-8-openjdk/jre/lib/amd64/libjava.so
7fac4f604000-7fac4f60b000 r--p 00025000 08:02 16257774                   /usr/lib/jvm/java-8-openjdk/jre/lib/amd64/libjava.so
7fac4f60b000-7fac4f60c000 ---p 0002c000 08:02 16257774                   /usr/lib/jvm/java-8-openjdk/jre/lib/amd64/libjava.so
7fac4f60c000-7fac4f60d000 r--p 0002c000 08:02 16257774                   /usr/lib/jvm/java-8-openjdk/jre/lib/amd64/libjava.so
7fac4f60d000-7fac4f60e000 rw-p 0002d000 08:02 16257774                   /usr/lib/jvm/java-8-openjdk/jre/lib/amd64/libjava.so
7fac4f60e000-7fac4f60f000 rw-p 00000000 00:00 0 
7fac4f60f000-7fac4f614000 r--p 00000000 08:02 16257791                   /usr/lib/jvm/java-8-openjdk/jre/lib/amd64/libverify.so
7fac4f614000-7fac4f61b000 r-xp 00005000 08:02 16257791                   /usr/lib/jvm/java-8-openjdk/jre/lib/amd64/libverify.so
7fac4f61b000-7fac4f61d000 r--p 0000c000 08:02 16257791                   /usr/lib/jvm/java-8-openjdk/jre/lib/amd64/libverify.so
7fac4f61d000-7fac4f61f000 r--p 0000d000 08:02 16257791                   /usr/lib/jvm/java-8-openjdk/jre/lib/amd64/libverify.so
7fac4f61f000-7fac4f620000 rw-p 0000f000 08:02 16257791                   /usr/lib/jvm/java-8-openjdk/jre/lib/amd64/libverify.so
7fac4f620000-7fac4f622000 r--p 00000000 08:02 16257760                   /usr/lib/jvm/java-8-openjdk/jre/lib/amd64/jli/libjli.so
7fac4f622000-7fac4f62b000 r-xp 00002000 08:02 16257760                   /usr/lib/jvm/java-8-openjdk/jre/lib/amd64/jli/libjli.so
7fac4f62b000-7fac4f62e000 r--p 0000b000 08:02 16257760                   /usr/lib/jvm/java-8-openjdk/jre/lib/amd64/jli/libjli.so
7fac4f62e000-7fac4f62f000 r--p 0000d000 08:02 16257760                   /usr/lib/jvm/java-8-openjdk/jre/lib/amd64/jli/libjli.so
7fac4f62f000-7fac4f630000 rw-p 0000e000 08:02 16257760                   /usr/lib/jvm/java-8-openjdk/jre/lib/amd64/jli/libjli.so
7fac4f630000-7fac4f632000 rw-p 00000000 00:00 0 
7fac4f632000-7fac4f634000 r--p 00000000 08:02 14163781                   /usr/lib/ld-2.29.so
7fac4f634000-7fac4f653000 r-xp 00002000 08:02 14163781                   /usr/lib/ld-2.29.so
7fac4f653000-7fac4f65b000 r--p 00021000 08:02 14163781                   /usr/lib/ld-2.29.so
7fac4f65b000-7fac4f65c000 r--p 00000000 00:00 0 
7fac4f65c000-7fac4f65d000 r--p 00029000 08:02 14163781                   /usr/lib/ld-2.29.so
7fac4f65d000-7fac4f65e000 rw-p 0002a000 08:02 14163781                   /usr/lib/ld-2.29.so
7fac4f65e000-7fac4f65f000 rw-p 00000000 00:00 0 
7ffca5e11000-7ffca5e14000 ---p 00000000 00:00 0 
7ffca5e14000-7ffca5f11000 rw-p 00000000 00:00 0                          [stack]
7ffca5f85000-7ffca5f88000 r--p 00000000 00:00 0                          [vvar]
7ffca5f88000-7ffca5f89000 r-xp 00000000 00:00 0                          [vdso]

VM Arguments:
jvm_args: -Dfile.encoding=UTF-8 
java_command: dmi.Pantalla
java_class_path (initial): /home/cesar/eclipse-workspace/Velocimetro/bin
Launcher Type: SUN_STANDARD

Environment Variables:
PATH=/usr/local/sbin:/usr/local/bin:/usr/bin:/usr/lib/jvm/default/bin:/usr/bin/site_perl:/usr/bin/vendor_perl:/usr/bin/core_perl:/var/lib/snapd/snap/bin
SHELL=/bin/bash
DISPLAY=:0

Signal Handlers:
SIGSEGV: [libjvm.so+0xa32bd0], sa_mask[0]=11111111011111111101111111111110, sa_flags=SA_RESTART|SA_SIGINFO
SIGBUS: [libjvm.so+0xa32bd0], sa_mask[0]=11111111011111111101111111111110, sa_flags=SA_RESTART|SA_SIGINFO
SIGFPE: [libjvm.so+0x88ebd0], sa_mask[0]=11111111011111111101111111111110, sa_flags=SA_RESTART|SA_SIGINFO
SIGPIPE: [libjvm.so+0x88ebd0], sa_mask[0]=11111111011111111101111111111110, sa_flags=SA_RESTART|SA_SIGINFO
SIGXFSZ: [libjvm.so+0x88ebd0], sa_mask[0]=11111111011111111101111111111110, sa_flags=SA_RESTART|SA_SIGINFO
SIGILL: [libjvm.so+0x88ebd0], sa_mask[0]=11111111011111111101111111111110, sa_flags=SA_RESTART|SA_SIGINFO
SIGUSR1: SIG_DFL, sa_mask[0]=00000000000000000000000000000000, sa_flags=none
SIGUSR2: [libjvm.so+0x88ea60], sa_mask[0]=00100000000000000000000000000000, sa_flags=SA_RESTART|SA_SIGINFO
SIGHUP: SIG_DFL, sa_mask[0]=00000000000000000000000000000000, sa_flags=none
SIGINT: SIG_DFL, sa_mask[0]=00000000000000000000000000000000, sa_flags=none
SIGTERM: SIG_DFL, sa_mask[0]=00000000000000000000000000000000, sa_flags=none
SIGQUIT: SIG_DFL, sa_mask[0]=00000000000000000000000000000000, sa_flags=none


---------------  S Y S T E M  ---------------

OS:NAME="Arch Linux"
PRETTY_NAME="Arch Linux"
ID=arch
BUILD_ID=rolling
ANSI_COLOR="0;36"
HOME_URL="https://www.archlinux.org/"
DOCUMENTATION_URL="https://wiki.archlinux.org/"
SUPPORT_URL="https://bbs.archlinux.org/"
BUG_REPORT_URL="https://bugs.archlinux.org/"
LOGO=archlinux

uname:Linux 5.1.6-arch1-1-ARCH #1 SMP PREEMPT Fri May 31 15:17:53 UTC 2019 x86_64
libc:glibc 2.29 NPTL 2.29 
rlimit: STACK 8192k, CORE infinity, NPROC 800, NOFILE 524288, AS infinity
load average:4.06 2.35 1.76

/proc/meminfo:
MemTotal:        8067584 kB
MemFree:          833336 kB
MemAvailable:    1830672 kB
Buffers:           80208 kB
Cached:          2006548 kB
SwapCached:         4792 kB
Active:          4867636 kB
Inactive:        1479900 kB
Active(anon):    4110224 kB
Inactive(anon):  1035080 kB
Active(file):     757412 kB
Inactive(file):   444820 kB
Unevictable:      484060 kB
Mlocked:              32 kB
SwapTotal:      10484736 kB
SwapFree:       10361932 kB
Dirty:               556 kB
Writeback:             0 kB
AnonPages:       4740628 kB
Mapped:           828184 kB
Shmem:            921760 kB
KReclaimable:     125316 kB
Slab:             232244 kB
SReclaimable:     125316 kB
SUnreclaim:       106928 kB
KernelStack:       15148 kB
PageTables:        43872 kB
NFS_Unstable:          0 kB
Bounce:                0 kB
WritebackTmp:          0 kB
CommitLimit:    14518528 kB
Committed_AS:   10832704 kB
VmallocTotal:   34359738367 kB
VmallocUsed:           0 kB
VmallocChunk:          0 kB
Percpu:             1792 kB
HardwareCorrupted:     0 kB
AnonHugePages:         0 kB
ShmemHugePages:        0 kB
ShmemPmdMapped:        0 kB
HugePages_Total:       0
HugePages_Free:        0
HugePages_Rsvd:        0
HugePages_Surp:        0
Hugepagesize:       2048 kB
Hugetlb:               0 kB
DirectMap4k:      361188 kB
DirectMap2M:     7927808 kB
DirectMap1G:           0 kB

container (cgroup) information:
container_type: cgroupv1
cpu_cpuset_cpus: 0-3
cpu_memory_nodes: 0
active_processor_count: 4
cpu_quota: -1
cpu_period: 100000
cpu_shares: -1
memory_limit_in_bytes: -1
memory_and_swap_limit_in_bytes: -1
memory_soft_limit_in_bytes: -1
memory_usage_in_bytes: 6744588288
memory_max_usage_in_bytes: 7551782912


CPU:total 4 (initial active 4) (2 cores per cpu, 2 threads per core) family 6 model 61 stepping 4, cmov, cx8, fxsr, mmx, sse, sse2, sse3, ssse3, sse4.1, sse4.2, popcnt, avx, avx2, aes, clmul, erms, 3dnowpref, lzcnt, ht, tsc, tscinvbit, bmi1, bmi2, adx

/proc/cpuinfo:
processor	: 0
vendor_id	: GenuineIntel
cpu family	: 6
model		: 61
model name	: Intel(R) Core(TM) i7-5500U CPU @ 2.40GHz
stepping	: 4
microcode	: 0x2d
cpu MHz		: 2096.911
cache size	: 4096 KB
physical id	: 0
siblings	: 4
core id		: 0
cpu cores	: 2
apicid		: 0
initial apicid	: 0
fpu		: yes
fpu_exception	: yes
cpuid level	: 20
wp		: yes
flags		: fpu vme de pse tsc msr pae mce cx8 apic sep mtrr pge mca cmov pat pse36 clflush dts acpi mmx fxsr sse sse2 ss ht tm pbe syscall nx pdpe1gb rdtscp lm constant_tsc arch_perfmon pebs bts rep_good nopl xtopology nonstop_tsc cpuid aperfmperf pni pclmulqdq dtes64 monitor ds_cpl vmx est tm2 ssse3 sdbg fma cx16 xtpr pdcm pcid sse4_1 sse4_2 x2apic movbe popcnt tsc_deadline_timer aes xsave avx f16c rdrand lahf_lm abm 3dnowprefetch cpuid_fault epb invpcid_single pti ssbd ibrs ibpb stibp tpr_shadow vnmi flexpriority ept vpid ept_ad fsgsbase tsc_adjust bmi1 avx2 smep bmi2 erms invpcid rdseed adx smap intel_pt xsaveopt dtherm ida arat pln pts md_clear flush_l1d
bugs		: cpu_meltdown spectre_v1 spectre_v2 spec_store_bypass l1tf mds
bogomips	: 4794.64
clflush size	: 64
cache_alignment	: 64
address sizes	: 39 bits physical, 48 bits virtual
power management:

processor	: 1
vendor_id	: GenuineIntel
cpu family	: 6
model		: 61
model name	: Intel(R) Core(TM) i7-5500U CPU @ 2.40GHz
stepping	: 4
microcode	: 0x2d
cpu MHz		: 2096.911
cache size	: 4096 KB
physical id	: 0
siblings	: 4
core id		: 1
cpu cores	: 2
apicid		: 2
initial apicid	: 2
fpu		: yes
fpu_exception	: yes
cpuid level	: 20
wp		: yes
flags		: fpu vme de pse tsc msr pae mce cx8 apic sep mtrr pge mca cmov pat pse36 clflush dts acpi mmx fxsr sse sse2 ss ht tm pbe syscall nx pdpe1gb rdtscp lm constant_tsc arch_perfmon pebs bts rep_good nopl xtopology nonstop_tsc cpuid aperfmperf pni pclmulqdq dtes64 monitor ds_cpl vmx est tm2 ssse3 sdbg fma cx16 xtpr pdcm pcid sse4_1 sse4_2 x2apic movbe popcnt tsc_deadline_timer aes xsave avx f16c rdrand lahf_lm abm 3dnowprefetch cpuid_fault epb invpcid_single pti ssbd ibrs ibpb stibp tpr_shadow vnmi flexpriority ept vpid ept_ad fsgsbase tsc_adjust bmi1 avx2 smep bmi2 erms invpcid rdseed adx smap intel_pt xsaveopt dtherm ida arat pln pts md_clear flush_l1d
bugs		: cpu_meltdown spectre_v1 spectre_v2 spec_store_bypass l1tf mds
bogomips	: 4794.64
clflush size	: 64
cache_alignment	: 64
address sizes	: 39 bits physical, 48 bits virtual
power management:

processor	: 2
vendor_id	: GenuineIntel
cpu family	: 6
model		: 61
model name	: Intel(R) Core(TM) i7-5500U CPU @ 2.40GHz
stepping	: 4
microcode	: 0x2d
cpu MHz		: 2096.910
cache size	: 4096 KB
physical id	: 0
siblings	: 4
core id		: 0
cpu cores	: 2
apicid		: 1
initial apicid	: 1
fpu		: yes
fpu_exception	: yes
cpuid level	: 20
wp		: yes
flags		: fpu vme de pse tsc msr pae mce cx8 apic sep mtrr pge mca cmov pat pse36 clflush dts acpi mmx fxsr sse sse2 ss ht tm pbe syscall nx pdpe1gb rdtscp lm constant_tsc arch_perfmon pebs bts rep_good nopl xtopology nonstop_tsc cpuid aperfmperf pni pclmulqdq dtes64 monitor ds_cpl vmx est tm2 ssse3 sdbg fma cx16 xtpr pdcm pcid sse4_1 sse4_2 x2apic movbe popcnt tsc_deadline_timer aes xsave avx f16c rdrand lahf_lm abm 3dnowprefetch cpuid_fault epb invpcid_single pti ssbd ibrs ibpb stibp tpr_shadow vnmi flexpriority ept vpid ept_ad fsgsbase tsc_adjust bmi1 avx2 smep bmi2 erms invpcid rdseed adx smap intel_pt xsaveopt dtherm ida arat pln pts md_clear flush_l1d
bugs		: cpu_meltdown spectre_v1 spectre_v2 spec_store_bypass l1tf mds
bogomips	: 4794.64
clflush size	: 64
cache_alignment	: 64
address sizes	: 39 bits physical, 48 bits virtual
power management:

processor	: 3
vendor_id	: GenuineIntel
cpu family	: 6
model		: 61
model name	: Intel(R) Core(TM) i7-5500U CPU @ 2.40GHz
stepping	: 4
microcode	: 0x2d
cpu MHz		: 2096.910
cache size	: 4096 KB
physical id	: 0
siblings	: 4
core id		: 1
cpu cores	: 2
apicid		: 3
initial apicid	: 3
fpu		: yes
fpu_exception	: yes
cpuid level	: 20
wp		: yes
flags		: fpu vme de pse tsc msr pae mce cx8 apic sep mtrr pge mca cmov pat pse36 clflush dts acpi mmx fxsr sse sse2 ss ht tm pbe syscall nx pdpe1gb rdtscp lm constant_tsc arch_perfmon pebs bts rep_good nopl xtopology nonstop_tsc cpuid aperfmperf pni pclmulqdq dtes64 monitor ds_cpl vmx est tm2 ssse3 sdbg fma cx16 xtpr pdcm pcid sse4_1 sse4_2 x2apic movbe popcnt tsc_deadline_timer aes xsave avx f16c rdrand lahf_lm abm 3dnowprefetch cpuid_fault epb invpcid_single pti ssbd ibrs ibpb stibp tpr_shadow vnmi flexpriority ept vpid ept_ad fsgsbase tsc_adjust bmi1 avx2 smep bmi2 erms invpcid rdseed adx smap intel_pt xsaveopt dtherm ida arat pln pts md_clear flush_l1d
bugs		: cpu_meltdown spectre_v1 spectre_v2 spec_store_bypass l1tf mds
bogomips	: 4794.64
clflush size	: 64
cache_alignment	: 64
address sizes	: 39 bits physical, 48 bits virtual
power management:



Memory: 4k page, physical 8067584k(833336k free), swap 10484736k(10361932k free)

vm_info: OpenJDK 64-Bit Server VM (25.212-b01) for linux-amd64 JRE (1.8.0_212-b01), built on Mar 21 2019 23:20:35 by "builduser" with gcc 8.2.1 20181127

time: Sat Jun  8 11:55:14 2019
timezone: CEST
elapsed time: 0 seconds (0d 0h 0m 0s)

